<?xml version="1.0" encoding="UTF-8"?>
<!-- Generated by org.testng.reporters.JUnitReportReporter -->
<testsuite hostname="DESKTOP-GUVME3D" failures="0" tests="1" name="runners.TestNGTestRunner" time="5.507" errors="0" timestamp="2025-04-23T11:24:36 AEST" skipped="0">
  <testcase classname="runners.TestNGTestRunner" name="runScenario" time="5.507"/>
</testsuite> <!-- runners.TestNGTestRunner -->
