<?xml version="1.0" encoding="UTF-8"?>
<!-- Generated by org.testng.reporters.JUnitReportReporter -->
<testsuite hostname="DESKTOP-GUVME3D" failures="0" tests="1" name="utils.chromeWebdriver" time="4.244" errors="0" timestamp="2025-04-17T10:47:39 AEST" skipped="0">
  <testcase classname="utils.chromeWebdriver" name="driver" time="4.244"/>
</testsuite> <!-- utils.chromeWebdriver -->
